<?xml version="1.0" encoding="UTF-8"?>
<!-- Generated by org.testng.reporters.JUnitXMLReporter -->
<testsuite hostname="MW-LT-076" ignored="0" name="Default test" tests="3" failures="0" timestamp="2020-06-08T21:09:42 IST" time="1.382" errors="0">
  <testcase name="loginPageTitleTest" time="0.038" classname="testCases.LoginPageTest"/>
  <testcase name="daVitaLogoTest" time="0.042" classname="testCases.LoginPageTest"/>
  <testcase name="loginTest" time="1.274" classname="testCases.LoginPageTest"/>
</testsuite> <!-- Default test -->
