<?xml version="1.0" encoding="UTF-8"?>
<testng-results skipped="0" failed="0" ignored="0" total="3" passed="3">
  <reporter-output>
  </reporter-output>
  <suite name="Default suite" duration-ms="1382" started-at="2020-06-08T21:09:40 IST" finished-at="2020-06-08T21:09:42 IST">
    <groups>
    </groups>
    <test name="Default test" duration-ms="1382" started-at="2020-06-08T21:09:40 IST" finished-at="2020-06-08T21:09:42 IST">
      <class name="testCases.LoginPageTest">
        <test-method status="PASS" signature="setUP()[pri:0, instance:testCases.LoginPageTest@bdb19]" name="setUP" is-config="true" duration-ms="8821" started-at="2020-06-08T21:09:31 IST" finished-at="2020-06-08T21:09:40 IST">
          <reporter-output>
          </reporter-output>
        </test-method> <!-- setUP -->
        <test-method status="PASS" signature="loginPageTitleTest()[pri:1, instance:testCases.LoginPageTest@bdb19]" name="loginPageTitleTest" duration-ms="38" started-at="2020-06-08T21:09:40 IST" finished-at="2020-06-08T21:09:40 IST">
          <reporter-output>
          </reporter-output>
        </test-method> <!-- loginPageTitleTest -->
        <test-method status="PASS" signature="daVitaLogoTest()[pri:2, instance:testCases.LoginPageTest@bdb19]" name="daVitaLogoTest" duration-ms="42" started-at="2020-06-08T21:09:40 IST" finished-at="2020-06-08T21:09:40 IST">
          <reporter-output>
          </reporter-output>
        </test-method> <!-- daVitaLogoTest -->
        <test-method status="PASS" signature="loginTest()[pri:3, instance:testCases.LoginPageTest@bdb19]" name="loginTest" duration-ms="1274" started-at="2020-06-08T21:09:40 IST" finished-at="2020-06-08T21:09:42 IST">
          <reporter-output>
          </reporter-output>
        </test-method> <!-- loginTest -->
        <test-method status="PASS" signature="tearDown()[pri:0, instance:testCases.LoginPageTest@bdb19]" name="tearDown" is-config="true" duration-ms="0" started-at="2020-06-08T21:09:42 IST" finished-at="2020-06-08T21:09:42 IST">
          <reporter-output>
          </reporter-output>
        </test-method> <!-- tearDown -->
      </class> <!-- testCases.LoginPageTest -->
    </test> <!-- Default test -->
  </suite> <!-- Default suite -->
</testng-results>
