<?xml version="1.0" encoding="UTF-8"?>
<!-- Generated by org.testng.reporters.JUnitReportReporter -->
<testsuite skipped="0" hostname="MW-LT-076" name="runners.TestRunner" tests="1" failures="0" timestamp="2020-06-08T19:00:29 IST" time="9.402" errors="1">
  <testcase name="runScenario" time="9.402" classname="runners.TestRunner">
    <error type="java.lang.NullPointerException">
      <![CDATA[java.lang.NullPointerException
at org.openqa.selenium.support.pagefactory.DefaultElementLocator.findElement(DefaultElementLocator.java:69)
at org.openqa.selenium.support.pagefactory.internal.LocatingElementHandler.invoke(LocatingElementHandler.java:38)
at com.sun.proxy.$Proxy17.click(Unknown Source)
at pageObjects.LoginPageObj.loginPatient(LoginPageObj.java:63)
at stepDefinitions.PatientLoginStepDef.user_logs_into_app(PatientLoginStepDef.java:32)
at ✽.user logs into app(file:///C:/Users/naushad.alam/eclipse-workspace/DaVitaCucumberFramework/src/test/resources/functionalTests/DaVita.feature:6)
]]>
    </error>
  </testcase> <!-- runScenario -->
  <system-out/>
</testsuite> <!-- runners.TestRunner -->
