<?xml version="1.0" encoding="UTF-8"?>
<!-- Generated by org.testng.reporters.JUnitReportReporter -->
<testsuite skipped="0" hostname="MW-LT-076" name="runners.PatientTestRunner" tests="1" failures="0" timestamp="2020-06-08T20:51:59 IST" time="10.581" errors="1">
  <testcase name="runScenario" time="10.581" classname="runners.PatientTestRunner">
    <error type="java.lang.NullPointerException">
      <![CDATA[java.lang.NullPointerException
at org.openqa.selenium.support.pagefactory.DefaultElementLocator.findElement(DefaultElementLocator.java:69)
at org.openqa.selenium.support.pagefactory.internal.LocatingElementHandler.invoke(LocatingElementHandler.java:38)
at com.sun.proxy.$Proxy17.click(Unknown Source)
at pageObjects.LoginPageObj.loginPatient(LoginPageObj.java:62)
at stepDefinitions.PatientStepDef.user_logs_into_app(PatientStepDef.java:33)
at ✽.user logs into app(file:///C:/Users/naushad.alam/eclipse-workspace/DaVitaCucumberFramework/src/test/resources/functionalTests/Patient.feature:6)
]]>
    </error>
  </testcase> <!-- runScenario -->
  <system-out/>
</testsuite> <!-- runners.PatientTestRunner -->
